<?xml version="1.0" encoding="UTF-8"?>
<!-- Generated by org.testng.reporters.JUnitReportReporter -->
<testsuite hostname="DESKTOP-GGR6O85" failures="0" tests="1" name="automationexerise.delete_user" time="41.291" errors="0" timestamp="2024-09-09T09:16:31 NPT" skipped="0">
  <testcase classname="automationexerise.delete_user" name="delete_account" time="41.291"/>
  <system-out/>
</testsuite> <!-- automationexerise.delete_user -->
