<?xml version="1.0" encoding="UTF-8"?>
<!-- Generated by org.testng.reporters.JUnitReportReporter -->
<testsuite hostname="DESKTOP-GGR6O85" failures="0" tests="1" name="automationexerise.invoice_download" time="18.060" errors="0" timestamp="2024-09-03T07:27:19 NPT" skipped="0">
  <testcase classname="automationexerise.invoice_download" name="download_invoice" time="18.060"/>
  <system-out/>
</testsuite> <!-- automationexerise.invoice_download -->
