<?xml version="1.0" encoding="UTF-8"?>
<!-- Generated by org.testng.reporters.JUnitReportReporter -->
<testsuite hostname="DESKTOP-GGR6O85" failures="0" tests="1" name="automationexerise.logout" time="17.220" errors="0" timestamp="2024-09-09T09:10:06 NPT" skipped="0">
  <testcase classname="automationexerise.logout" name="logged_out" time="17.220"/>
  <system-out/>
</testsuite> <!-- automationexerise.logout -->
