<?xml version="1.0" encoding="UTF-8"?>
<!-- Generated by org.testng.reporters.JUnitReportReporter -->
<testsuite hostname="DESKTOP-GGR6O85" failures="0" tests="1" name="automationexerise.cart" time="14.025" errors="0" timestamp="2024-09-09T09:14:56 NPT" skipped="0">
  <testcase classname="automationexerise.cart" name="addToCart" time="14.025"/>
  <system-out/>
</testsuite> <!-- automationexerise.cart -->
