<?xml version="1.0" encoding="UTF-8"?>
<!-- Generated by org.testng.reporters.JUnitReportReporter -->
<testsuite hostname="DESKTOP-GGR6O85" failures="0" tests="1" name="automationexerise.login" time="6.281" errors="0" timestamp="2024-09-25T20:58:06 NPT" skipped="0">
  <testcase classname="automationexerise.login" name="logged_in" time="6.281"/>
  <system-out/>
</testsuite> <!-- automationexerise.login -->
