<?xml version="1.0" encoding="UTF-8"?>
<!-- Generated by org.testng.reporters.JUnitReportReporter -->
<testsuite hostname="DESKTOP-GGR6O85" failures="0" tests="1" name="automationexerise.scrollwithoutarrow" time="13.632" errors="0" timestamp="2024-09-09T09:21:31 NPT" skipped="0">
  <testcase classname="automationexerise.scrollwithoutarrow" name="scrollwithoutarrowkey" time="13.632"/>
  <system-out/>
</testsuite> <!-- automationexerise.scrollwithoutarrow -->
