<?xml version="1.0" encoding="UTF-8"?>
<!-- Generated by org.testng.reporters.JUnitReportReporter -->
<testsuite hostname="DESKTOP-GGR6O85" failures="0" tests="1" name="automationexerise.CheckoutAndPayment" time="19.342" errors="0" timestamp="2024-09-03T07:26:37 NPT" skipped="0">
  <testcase classname="automationexerise.CheckoutAndPayment" name="checkAndpay" time="19.342"/>
  <system-out/>
</testsuite> <!-- automationexerise.CheckoutAndPayment -->
