<?xml version="1.0" encoding="UTF-8"?>
<!-- Generated by org.testng.reporters.JUnitReportReporter -->
<testsuite hostname="DESKTOP-GGR6O85" failures="0" tests="1" name="automationexerise.register" time="5.070" errors="0" timestamp="2024-09-09T09:12:42 NPT" skipped="0">
  <testcase classname="automationexerise.register" name="signup" time="5.070"/>
  <system-out/>
</testsuite> <!-- automationexerise.register -->
