<?xml version="1.0" encoding="UTF-8"?>
<!-- Generated by org.testng.reporters.JUnitReportReporter -->
<testsuite hostname="DESKTOP-GGR6O85" failures="0" tests="1" name="automationexerise.scrollwitharrow" time="4.951" errors="0" timestamp="2024-09-02T10:15:08 NPT" skipped="0">
  <testcase classname="automationexerise.scrollwitharrow" name="scrollwitharrowkey" time="4.951"/>
  <system-out/>
</testsuite> <!-- automationexerise.scrollwitharrow -->
