<?xml version="1.0" encoding="UTF-8"?>
<!-- Generated by org.testng.reporters.JUnitReportReporter -->
<testsuite hostname="DESKTOP-GGR6O85" failures="0" tests="3" name="automationexerise.products" time="12.835" errors="0" timestamp="2024-09-09T09:13:44 NPT" skipped="0">
  <testcase classname="automationexerise.products" name="view_product_details" time="6.894"/>
  <system-out/>
  <testcase classname="automationexerise.products" name="product_page" time="3.227"/>
  <system-out/>
  <testcase classname="automationexerise.products" name="search_product" time="2.714"/>
  <system-out/>
</testsuite> <!-- automationexerise.products -->
