<?xml version="1.0" encoding="UTF-8"?>
<!-- Generated by org.testng.reporters.JUnitReportReporter -->
<testsuite hostname="DESKTOP-GGR6O85" failures="0" tests="1" name="automationexerise.brand" time="14.013" errors="0" timestamp="2024-09-09T09:20:36 NPT" skipped="0">
  <testcase classname="automationexerise.brand" name="chooseBrands" time="14.013"/>
  <system-out/>
</testsuite> <!-- automationexerise.brand -->
