<?xml version="1.0" encoding="UTF-8"?>
<!-- Generated by org.testng.reporters.JUnitReportReporter -->
<testsuite hostname="DESKTOP-GGR6O85" failures="0" tests="1" name="automationexerise.login_register_beforecheckout" time="14.064" errors="0" timestamp="2024-09-09T09:19:33 NPT" skipped="0">
  <testcase classname="automationexerise.login_register_beforecheckout" name="L_R_beforecheckout" time="14.064"/>
  <system-out/>
</testsuite> <!-- automationexerise.login_register_beforecheckout -->
