<?xml version="1.0" encoding="UTF-8"?>
<!-- Generated by org.testng.reporters.JUnitReportReporter -->
<testsuite hostname="DESKTOP-GGR6O85" failures="0" tests="1" name="automationexerise.setup" time="6.478" errors="0" timestamp="2024-09-02T10:16:49 NPT" skipped="0">
  <testcase classname="automationexerise.setup" name="open_Browser" time="6.478"/>
  <system-out/>
</testsuite> <!-- automationexerise.setup -->
