<?xml version="1.0" encoding="UTF-8"?>
<!-- Generated by org.testng.reporters.JUnitReportReporter -->
<testsuite hostname="DESKTOP-GGR6O85" failures="0" tests="1" name="automationexerise.loginbeforecheckout" time="15.990" errors="0" timestamp="2024-09-01T11:46:10 NPT" skipped="0">
  <testcase classname="automationexerise.loginbeforecheckout" name="Lbeforecheckout" time="15.990"/>
  <system-out/>
</testsuite> <!-- automationexerise.loginbeforecheckout -->
